<?xml version="1.0" encoding="UTF-8"?>
<!-- Generated by org.testng.reporters.JUnitReportReporter -->
<testsuite hostname="SakshiBhavsar" failures="0" tests="2" name="testScripts.sampleThreeTest" time="0.005" errors="0" timestamp="2023-05-09T17:45:27 IST" skipped="0">
  <testcase classname="testScripts.sampleThreeTest" name="testThree" time="0.002"/>
  <system-out/>
  <testcase classname="testScripts.sampleThreeTest" name="testTwo" time="0.003"/>
  <system-out/>
</testsuite> <!-- testScripts.sampleThreeTest -->
