<?xml version="1.0" encoding="UTF-8"?>
<!-- Generated by org.testng.reporters.JUnitReportReporter -->
<testsuite hostname="SakshiBhavsar" failures="0" tests="4" name="parallelScript.sampleThreeTest" time="0.023" errors="0" timestamp="2023-05-10T14:56:09 IST" skipped="0">
  <testcase classname="parallelScript.sampleThreeTest" name="testOne" time="0.003"/>
  <system-out/>
  <testcase classname="parallelScript.sampleThreeTest" name="testThree" time="0.002"/>
  <system-out/>
  <testcase classname="parallelScript.sampleThreeTest" name="testFour" time="0.012"/>
  <system-out/>
  <testcase classname="parallelScript.sampleThreeTest" name="testTwo" time="0.006"/>
  <system-out/>
</testsuite> <!-- parallelScript.sampleThreeTest -->
