<?xml version="1.0" encoding="UTF-8"?>
<!-- Generated by org.testng.reporters.JUnitReportReporter -->
<testsuite hostname="SakshiBhavsar" failures="0" tests="1" name="testScripts.GooglepageTest" time="8.844" errors="0" timestamp="2023-05-08T18:08:48 IST" skipped="0">
  <testcase classname="testScripts.GooglepageTest" name="javaSearchTest" time="8.844"/>
  <system-out/>
</testsuite> <!-- testScripts.GooglepageTest -->
