<?xml version="1.0" encoding="UTF-8"?>
<!-- Generated by org.testng.reporters.JUnitReportReporter -->
<testsuite hostname="SakshiBhavsar" failures="0" tests="2" name="testScripts.sampleTwoTest" time="0.018" errors="0" timestamp="2023-05-09T17:45:27 IST" skipped="0">
  <testcase classname="testScripts.sampleTwoTest" name="testOne" time="0.017"/>
  <system-out/>
  <testcase classname="testScripts.sampleTwoTest" name="testTwo" time="0.001"/>
  <system-out/>
</testsuite> <!-- testScripts.sampleTwoTest -->
