<?xml version="1.0" encoding="UTF-8"?>
<!-- Generated by org.testng.reporters.JUnitReportReporter -->
<testsuite hostname="SakshiBhavsar" failures="0" tests="2" name="testScripts.OneCartRagistration" time="3.827" errors="0" timestamp="2023-05-10T11:25:44 IST" skipped="0">
  <testcase classname="testScripts.OneCartRagistration" name="MyAccount" time="2.740"/>
  <system-out/>
  <testcase classname="testScripts.OneCartRagistration" name="Registration" time="1.087"/>
  <system-out/>
</testsuite> <!-- testScripts.OneCartRagistration -->
