<?xml version="1.0" encoding="UTF-8"?>
<!-- Generated by org.testng.reporters.JUnitReportReporter -->
<testsuite hostname="SakshiBhavsar" failures="0" tests="9" name="parallelScript.sampleOneTest" time="0.104" errors="0" timestamp="2023-05-10T15:03:00 IST" skipped="0">
  <testcase classname="parallelScript.sampleOneTest" name="testFour" time="0.004"/>
  <system-out/>
  <testcase classname="parallelScript.sampleOneTest" name="testTwo" time="0.003"/>
  <system-out/>
  <testcase classname="parallelScript.sampleOneTest" name="testThree" time="0.004"/>
  <system-out/>
  <testcase classname="parallelScript.sampleOneTest" name="testOne" time="0.003"/>
  <system-out/>
  <testcase classname="parallelScript.sampleOneTest" name="testFour" time="0.022"/>
  <system-out/>
  <testcase classname="parallelScript.sampleOneTest" name="testFour" time="0.019"/>
  <system-out/>
  <testcase classname="parallelScript.sampleOneTest" name="testFour" time="0.003"/>
  <system-out/>
  <testcase classname="parallelScript.sampleOneTest" name="testFour" time="0.023"/>
  <system-out/>
  <testcase classname="parallelScript.sampleOneTest" name="testFour" time="0.023"/>
  <system-out/>
</testsuite> <!-- parallelScript.sampleOneTest -->
