<?xml version="1.0" encoding="UTF-8"?>
<!-- Generated by org.testng.reporters.JUnitReportReporter -->
<testsuite hostname="SakshiBhavsar" failures="0" tests="1" name="testScripts.RemoteDriverTest" time="18.751" errors="0" timestamp="2023-05-11T17:55:36 IST" skipped="0">
  <testcase classname="testScripts.RemoteDriverTest" name="test" time="18.751"/>
  <system-out/>
</testsuite> <!-- testScripts.RemoteDriverTest -->
