<?xml version="1.0" encoding="UTF-8"?>
<!-- Generated by org.testng.reporters.JUnitReportReporter -->
<testsuite hostname="SakshiBhavsar" failures="0" tests="4" name="parallelScript.sampleTwoTest" time="0.014" errors="0" timestamp="2023-05-10T17:01:26 IST" skipped="0">
  <testcase classname="parallelScript.sampleTwoTest" name="testThree" time="0.003"/>
  <system-out/>
  <testcase classname="parallelScript.sampleTwoTest" name="testFour" time="0.002"/>
  <system-out/>
  <testcase classname="parallelScript.sampleTwoTest" name="testTwo" time="0.005"/>
  <system-out/>
  <testcase classname="parallelScript.sampleTwoTest" name="testOne" time="0.004"/>
  <system-out/>
</testsuite> <!-- parallelScript.sampleTwoTest -->
